<?xml version="1.0" encoding="UTF-8"?>
<!-- Generated by org.testng.reporters.JUnitReportReporter -->
<testsuite hostname="Sakthi" failures="0" tests="2" name="extent_Repo_Listen.Execution" time="15.056" errors="0" timestamp="2024-07-22T07:06:40 IST" skipped="0">
  <testcase classname="extent_Repo_Listen.Execution" name="Runner" time="8.542"/>
  <testcase classname="extent_Repo_Listen.Execution" name="Runner" time="6.514"/>
</testsuite> <!-- extent_Repo_Listen.Execution -->
