<?xml version="1.0" encoding="UTF-8"?>
<!-- Generated by org.testng.reporters.JUnitReportReporter -->
<testsuite hostname="Sakthi" failures="0" tests="1" name="NewExtentReport.Execution" time="9.903" errors="0" timestamp="2024-07-23T06:20:48 IST" skipped="0">
  <testcase classname="NewExtentReport.Execution" name="validateLoginwithValidCredentials" time="9.903"/>
</testsuite> <!-- NewExtentReport.Execution -->
