<?xml version="1.0" encoding="UTF-8"?>
<!-- Generated by org.testng.reporters.JUnitReportReporter -->
<testsuite hostname="Sakthi" failures="0" tests="1" name="NewExtentReport.Base" time="0.094" errors="0" timestamp="2024-07-22T12:41:01 IST" skipped="0">
  <testcase classname="NewExtentReport.Base" name="takeScreenShot" time="0.094"/>
</testsuite> <!-- NewExtentReport.Base -->
